# JRE version: OpenJDK Runtime Environment Temurin-21.0.6+7 (21.0.6+7) (build 21.0.6+7-LTS)
# Java VM: OpenJDK 64-Bit Server VM Temurin-21.0.6+7 (21.0.6+7-LTS, mixed mode, emulated-client, sharing, tiered, compressed oops, compressed class ptrs, g1 gc, windows-amd64)
GC Precious Log:
 CardTable entry size: 512
 Card Set container configuration: InlinePtr #cards 5 size 8 Array Of Cards #cards 12 size 40 Howl #buckets 4 coarsen threshold 1843 Howl Bitmap #cards 512 size 80 coarsen threshold 460 Card regions per heap region 1 cards per card region 2048
 CPUs: 12 total, 12 available
 Memory: 7521M
 Large Page Support: Disabled
 NUMA Support: Disabled
 Compressed Oops: Enabled (32-bit)
 Heap Region Size: 1M
 Heap Min Capacity: 8M
 Heap Initial Capacity: 118M
 Heap Max Capacity: 1G
 Pre-touch: Disabled
 Parallel Workers: 10
 Concurrent Workers: 3
 Concurrent Refinement Workers: 10
 Periodic GC: Disabled
Heap:
 garbage-first heap   total 89088K, used 25846K [0x00000000c0000000, 0x0000000100000000)
  region size 1024K, 1 young (1024K), 0 survivors (0K)
 Metaspace       used 33514K, committed 34432K, reserved 1114112K
  class space    used 4398K, committed 4736K, reserved 1048576K
GC Heap History (20 events):
Event: 178.217 GC heap after
{Heap after GC invocations=16 (full 10):
 garbage-first heap   total 89088K, used 25846K [0x00000000c0000000, 0x0000000100000000)
  region size 1024K, 0 young (0K), 0 survivors (0K)
 Metaspace       used 33514K, committed 34432K, reserved 1114112K
  class space    used 4398K, committed 4736K, reserved 1048576K
}
Event: 195.835 GC heap before
{Heap before GC invocations=16 (full 10):
 garbage-first heap   total 89088K, used 25846K [0x00000000c0000000, 0x0000000100000000)
  region size 1024K, 1 young (1024K), 0 survivors (0K)
 Metaspace       used 33514K, committed 34432K, reserved 1114112K
  class space    used 4398K, committed 4736K, reserved 1048576K
}
Event: 195.903 GC heap after
{Heap after GC invocations=17 (full 11):
 garbage-first heap   total 89088K, used 25846K [0x00000000c0000000, 0x0000000100000000)
  region size 1024K, 0 young (0K), 0 survivors (0K)
 Metaspace       used 33514K, committed 34432K, reserved 1114112K
  class space    used 4398K, committed 4736K, reserved 1048576K
}
Event: 215.494 GC heap before
{Heap before GC invocations=17 (full 11):
 garbage-first heap   total 89088K, used 25846K [0x00000000c0000000, 0x0000000100000000)
  region size 1024K, 1 young (1024K), 0 survivors (0K)
 Metaspace       used 33514K, committed 34432K, reserved 1114112K
  class space    used 4398K, committed 4736K, reserved 1048576K
}
Event: 215.552 GC heap after
{Heap after GC invocations=18 (full 12):
 garbage-first heap   total 89088K, used 25846K [0x00000000c0000000, 0x0000000100000000)
  region size 1024K, 0 young (0K), 0 survivors (0K)
 Metaspace       used 33514K, committed 34432K, reserved 1114112K
  class space    used 4398K, committed 4736K, reserved 1048576K
}
Event: 232.134 GC heap before
{Heap before GC invocations=18 (full 12):
 garbage-first heap   total 89088K, used 25846K [0x00000000c0000000, 0x0000000100000000)
  region size 1024K, 1 young (1024K), 0 survivors (0K)
 Metaspace       used 33514K, committed 34432K, reserved 1114112K
  class space    used 4398K, committed 4736K, reserved 1048576K
}
Event: 232.183 GC heap after
{Heap after GC invocations=19 (full 13):
 garbage-first heap   total 89088K, used 25846K [0x00000000c0000000, 0x0000000100000000)
  region size 1024K, 0 young (0K), 0 survivors (0K)
 Metaspace       used 33514K, committed 34432K, reserved 1114112K
  class space    used 4398K, committed 4736K, reserved 1048576K
}
Event: 250.492 GC heap before
{Heap before GC invocations=19 (full 13):
 garbage-first heap   total 89088K, used 25846K [0x00000000c0000000, 0x0000000100000000)
  region size 1024K, 1 young (1024K), 0 survivors (0K)
 Metaspace       used 33514K, committed 34432K, reserved 1114112K
  class space    used 4398K, committed 4736K, reserved 1048576K
}
Event: 250.546 GC heap after
{Heap after GC invocations=20 (full 14):
 garbage-first heap   total 89088K, used 25846K [0x00000000c0000000, 0x0000000100000000)
  region size 1024K, 0 young (0K), 0 survivors (0K)
 Metaspace       used 33514K, committed 34432K, reserved 1114112K
  class space    used 4398K, committed 4736K, reserved 1048576K
}
Event: 262.848 GC heap before
{Heap before GC invocations=20 (full 14):
 garbage-first heap   total 89088K, used 25846K [0x00000000c0000000, 0x0000000100000000)
  region size 1024K, 1 young (1024K), 0 survivors (0K)
 Metaspace       used 33514K, committed 34432K, reserved 1114112K
  class space    used 4398K, committed 4736K, reserved 1048576K
}
Event: 262.902 GC heap after
{Heap after GC invocations=21 (full 15):
 garbage-first heap   total 89088K, used 25846K [0x00000000c0000000, 0x0000000100000000)
  region size 1024K, 0 young (0K), 0 survivors (0K)
 Metaspace       used 33514K, committed 34432K, reserved 1114112K
  class space    used 4398K, committed 4736K, reserved 1048576K
}
Event: 274.577 GC heap before
{Heap before GC invocations=21 (full 15):
 garbage-first heap   total 89088K, used 25846K [0x00000000c0000000, 0x0000000100000000)
  region size 1024K, 1 young (1024K), 0 survivors (0K)
 Metaspace       used 33514K, committed 34432K, reserved 1114112K
  class space    used 4398K, committed 4736K, reserved 1048576K
}
Event: 274.684 GC heap after
{Heap after GC invocations=22 (full 16):
 garbage-first heap   total 89088K, used 25846K [0x00000000c0000000, 0x0000000100000000)
  region size 1024K, 0 young (0K), 0 survivors (0K)
 Metaspace       used 33514K, committed 34432K, reserved 1114112K
  class space    used 4398K, committed 4736K, reserved 1048576K
}
Event: 286.641 GC heap before
{Heap before GC invocations=22 (full 16):
 garbage-first heap   total 89088K, used 25846K [0x00000000c0000000, 0x0000000100000000)
  region size 1024K, 1 young (1024K), 0 survivors (0K)
 Metaspace       used 33514K, committed 34432K, reserved 1114112K
  class space    used 4398K, committed 4736K, reserved 1048576K
}
Event: 286.716 GC heap after
{Heap after GC invocations=23 (full 17):
 garbage-first heap   total 89088K, used 25846K [0x00000000c0000000, 0x0000000100000000)
  region size 1024K, 0 young (0K), 0 survivors (0K)
 Metaspace       used 33514K, committed 34432K, reserved 1114112K
  class space    used 4398K, committed 4736K, reserved 1048576K
}
Event: 298.703 GC heap before
{Heap before GC invocations=23 (full 17):
 garbage-first heap   total 89088K, used 25846K [0x00000000c0000000, 0x0000000100000000)
  region size 1024K, 1 young (1024K), 0 survivors (0K)
 Metaspace       used 33514K, committed 34432K, reserved 1114112K
  class space    used 4398K, committed 4736K, reserved 1048576K
}
Event: 298.781 GC heap after
{Heap after GC invocations=24 (full 18):
 garbage-first heap   total 89088K, used 25846K [0x00000000c0000000, 0x0000000100000000)
  region size 1024K, 0 young (0K), 0 survivors (0K)
 Metaspace       used 33514K, committed 34432K, reserved 1114112K
  class space    used 4398K, committed 4736K, reserved 1048576K
}
Event: 311.159 GC heap before
{Heap before GC invocations=24 (full 18):
 garbage-first heap   total 89088K, used 25846K [0x00000000c0000000, 0x0000000100000000)
  region size 1024K, 1 young (1024K), 0 survivors (0K)
 Metaspace       used 33514K, committed 34432K, reserved 1114112K
  class space    used 4398K, committed 4736K, reserved 1048576K
}
Event: 311.198 GC heap after
{Heap after GC invocations=25 (full 19):
 garbage-first heap   total 89088K, used 25846K [0x00000000c0000000, 0x0000000100000000)
  region size 1024K, 0 young (0K), 0 survivors (0K)
 Metaspace       used 33514K, committed 34432K, reserved 1114112K
  class space    used 4398K, committed 4736K, reserved 1048576K
}
Event: 321.270 GC heap before
{Heap before GC invocations=25 (full 19):
 garbage-first heap   total 89088K, used 25846K [0x00000000c0000000, 0x0000000100000000)
  region size 1024K, 1 young (1024K), 0 survivors (0K)
 Metaspace       used 33514K, committed 34432K, reserved 1114112K
  class space    used 4398K, committed 4736K, reserved 1048576K
}

