<?xml version="1.0" encoding="UTF-8"?>
<testsuite xmlns:xsi="http://www.w3.org/2001/XMLSchema-instance" xsi:noNamespaceSchemaLocation="https://maven.apache.org/surefire/maven-surefire-plugin/xsd/surefire-test-report-3.0.xsd" version="3.0" name="com.workshop.AimcabWebsiteApplicationTests" time="5.913" tests="1" errors="0" skipped="0" failures="0">
  <properties>
[...]
</properties>
  <testcase name="contextLoads" classname="com.workshop.AimcabWebsiteApplicationTests" time="0.481">
    <system-out><![CDATA[17:35:04.039 [main] INFO org.springframework.test.context.support.AnnotationConfigContextLoaderUtils -- Could not detect default configuration classes for test class [com.workshop.AimcabWebsiteApplicationTests]: AimcabWebsiteApplicationTests does not declare any static, non-private, non-final, nested classes annotated with @Configuration.
17:35:04.134 [main] INFO org.springframework.boot.test.context.SpringBootTestContextBootstrapper -- Found @SpringBootConfiguration com.workshop.WtlApplication for test class com.workshop.AimcabWebsiteApplicationTests
17:35:04.308 [main] INFO org.springframework.boot.devtools.restart.RestartApplicationListener -- Restart disabled due to context in which it is running

  .   ____          _            __ _ _
 /\\ / ___'_ __ _ _(_)_ __  __ _ \ \ \ \
( ( )\___ | '_ | '_| | '_ \/ _` | \ \ \ \
 \\/  ___)| |_)| | | | | || (_| |  ) ) ) )
  '  |____| .__|_| |_|_| |_\__, | / / / /
 =========|_|==============|___/=/_/_/_/
 :: Spring Boot ::                (v3.1.5)

2025-03-15T17:35:04.525+05:30  INFO 2040 --- [           main] c.w.AimcabWebsiteApplicationTests        : Starting AimcabWebsiteApplicationTests using Java 17.0.12 with PID 2040 (started by Jaywant in C:\Users\Jaywant\Downloads\WTL\backend)
2025-03-15T17:35:04.525+05:30 DEBUG 2040 --- [           main] c.w.AimcabWebsiteApplicationTests        : Running with Spring Boot v3.1.5, Spring v6.0.13
2025-03-15T17:35:04.526+05:30  INFO 2040 --- [           main] c.w.AimcabWebsiteApplicationTests        : No active profile set, falling back to 1 default profile: "default"
2025-03-15T17:35:04.556+05:30 DEBUG 2040 --- [           main] o.s.w.c.s.GenericWebApplicationContext   : Refreshing org.springframework.web.context.support.GenericWebApplicationContext@3113a37
2025-03-15T17:35:05.171+05:30  INFO 2040 --- [           main] .s.d.r.c.RepositoryConfigurationDelegate : Bootstrapping Spring Data JPA repositories in DEFAULT mode.
2025-03-15T17:35:05.280+05:30  INFO 2040 --- [           main] .s.d.r.c.RepositoryConfigurationDelegate : Finished Spring Data repository scanning in 105 ms. Found 19 JPA repository interfaces.
2025-03-15T17:35:05.685+05:30  INFO 2040 --- [           main] com.zaxxer.hikari.HikariDataSource       : HikariPool-1 - Starting...
2025-03-15T17:35:05.852+05:30  INFO 2040 --- [           main] com.zaxxer.hikari.pool.HikariPool        : HikariPool-1 - Added connection com.mysql.cj.jdbc.ConnectionImpl@61149fa5
2025-03-15T17:35:05.855+05:30  INFO 2040 --- [           main] com.zaxxer.hikari.HikariDataSource       : HikariPool-1 - Start completed.
2025-03-15T17:35:05.944+05:30  INFO 2040 --- [           main] o.hibernate.jpa.internal.util.LogHelper  : HHH000204: Processing PersistenceUnitInfo [name: default]
2025-03-15T17:35:06.015+05:30  INFO 2040 --- [           main] org.hibernate.Version                    : HHH000412: Hibernate ORM core version 6.2.13.Final
2025-03-15T17:35:06.017+05:30  INFO 2040 --- [           main] org.hibernate.cfg.Environment            : HHH000406: Using bytecode reflection optimizer
2025-03-15T17:35:06.322+05:30  INFO 2040 --- [           main] o.s.o.j.p.SpringPersistenceUnitInfo      : No LoadTimeWeaver setup: ignoring JPA class transformer
2025-03-15T17:35:06.379+05:30  WARN 2040 --- [           main] org.hibernate.orm.deprecation            : HHH90000025: MySQL8Dialect does not need to be specified explicitly using 'hibernate.dialect' (remove the property setting and it will be selected by default)
2025-03-15T17:35:06.379+05:30  WARN 2040 --- [           main] org.hibernate.orm.deprecation            : HHH90000026: MySQL8Dialect has been deprecated; use org.hibernate.dialect.MySQLDialect instead
2025-03-15T17:35:07.478+05:30  INFO 2040 --- [           main] o.h.e.t.j.p.i.JtaPlatformInitiator       : HHH000489: No JTA platform available (set 'hibernate.transaction.jta.platform' to enable JTA platform integration)
2025-03-15T17:35:07.613+05:30  INFO 2040 --- [           main] j.LocalContainerEntityManagerFactoryBean : Initialized JPA EntityManagerFactory for persistence unit 'default'
2025-03-15T17:35:07.827+05:30  INFO 2040 --- [           main] o.s.d.j.r.query.QueryEnhancerFactory     : Hibernate is in classpath; If applicable, HQL parser will be used.
2025-03-15T17:35:08.621+05:30  INFO 2040 --- [           main] org.quartz.impl.StdSchedulerFactory      : Using ConnectionProvider class 'org.quartz.utils.HikariCpPoolingConnectionProvider' for data source 'myDS'
2025-03-15T17:35:08.636+05:30  INFO 2040 --- [           main] org.quartz.impl.StdSchedulerFactory      : Using default implementation for ThreadExecutor
2025-03-15T17:35:08.636+05:30  INFO 2040 --- [           main] org.quartz.core.SchedulerSignalerImpl    : Initialized Scheduler Signaller of type: class org.quartz.core.SchedulerSignalerImpl
2025-03-15T17:35:08.636+05:30  INFO 2040 --- [           main] org.quartz.core.QuartzScheduler          : Quartz Scheduler v.2.3.2 created.
2025-03-15T17:35:08.636+05:30  INFO 2040 --- [           main] o.quartz.impl.jdbcjobstore.JobStoreTX    : Using db table-based data access locking (synchronization).
2025-03-15T17:35:08.636+05:30  INFO 2040 --- [           main] o.quartz.impl.jdbcjobstore.JobStoreTX    : JobStoreTX initialized.
2025-03-15T17:35:08.636+05:30  INFO 2040 --- [           main] org.quartz.core.QuartzScheduler          : Scheduler meta-data: Quartz Scheduler (v2.3.2) 'quartzScheduler' with instanceId 'NON_CLUSTERED'
  Scheduler class: 'org.quartz.core.QuartzScheduler' - running locally.
  NOT STARTED.
  Currently in standby mode.
  Number of jobs executed: 0
  Using thread pool 'org.quartz.simpl.SimpleThreadPool' - with 10 threads.
  Using job-store 'org.quartz.impl.jdbcjobstore.JobStoreTX' - which supports persistence. and is clustered.

2025-03-15T17:35:08.636+05:30  INFO 2040 --- [           main] org.quartz.impl.StdSchedulerFactory      : Quartz scheduler 'quartzScheduler' initialized from an externally provided properties instance.
2025-03-15T17:35:08.636+05:30  INFO 2040 --- [           main] org.quartz.impl.StdSchedulerFactory      : Quartz scheduler version: 2.3.2
2025-03-15T17:35:08.636+05:30  INFO 2040 --- [           main] org.quartz.core.QuartzScheduler          : JobFactory set to: org.springframework.scheduling.quartz.SpringBeanJobFactory@7bb50de0
2025-03-15T17:35:08.716+05:30  WARN 2040 --- [           main] JpaBaseConfiguration$JpaWebConfiguration : spring.jpa.open-in-view is enabled by default. Therefore, database queries may be performed during view rendering. Explicitly configure spring.jpa.open-in-view to disable this warning
2025-03-15T17:35:08.864+05:30  INFO 2040 --- [           main] o.s.s.web.DefaultSecurityFilterChain     : Will secure any request with [org.springframework.security.web.session.DisableEncodeUrlFilter@7e8e111d, org.springframework.security.web.context.request.async.WebAsyncManagerIntegrationFilter@7781b55f, org.springframework.security.web.context.SecurityContextHolderFilter@71b9b035, org.springframework.security.web.header.HeaderWriterFilter@3927de0e, org.springframework.security.web.authentication.logout.LogoutFilter@377bc8da, org.springframework.security.web.authentication.UsernamePasswordAuthenticationFilter@23df16cf, org.springframework.security.web.savedrequest.RequestCacheAwareFilter@724945, org.springframework.security.web.servletapi.SecurityContextHolderAwareRequestFilter@7505ef47, org.springframework.security.web.authentication.AnonymousAuthenticationFilter@2cb3bc0e, org.springframework.security.web.access.ExceptionTranslationFilter@233d40da, org.springframework.security.web.access.intercept.AuthorizationFilter@53eb4dae]
2025-03-15T17:35:09.093+05:30 DEBUG 2040 --- [           main] s.w.s.m.m.a.RequestMappingHandlerAdapter : ControllerAdvice beans: 0 @ModelAttribute, 0 @InitBinder, 1 RequestBodyAdvice, 1 ResponseBodyAdvice
2025-03-15T17:35:09.125+05:30  INFO 2040 --- [           main] o.s.b.a.w.s.WelcomePageHandlerMapping    : Adding welcome page template: index
2025-03-15T17:35:09.188+05:30 DEBUG 2040 --- [           main] s.w.s.m.m.a.RequestMappingHandlerMapping : 162 mappings in 'requestMappingHandlerMapping'
2025-03-15T17:35:09.195+05:30 DEBUG 2040 --- [           main] o.s.w.s.handler.SimpleUrlHandlerMapping  : Patterns [/webjars/**, /**] in 'resourceHandlerMapping'
2025-03-15T17:35:09.210+05:30 DEBUG 2040 --- [           main] .m.m.a.ExceptionHandlerExceptionResolver : ControllerAdvice beans: 0 @ExceptionHandler, 1 ResponseBodyAdvice
2025-03-15T17:35:09.267+05:30  INFO 2040 --- [           main] o.s.s.quartz.SchedulerFactoryBean        : Starting Quartz Scheduler now
2025-03-15T17:35:09.268+05:30  INFO 2040 --- [           main] com.zaxxer.hikari.HikariDataSource       : HikariPool-2 - Starting...
2025-03-15T17:35:09.272+05:30  INFO 2040 --- [           main] com.zaxxer.hikari.pool.HikariPool        : HikariPool-2 - Added connection com.mysql.cj.jdbc.ConnectionImpl@7287811f
2025-03-15T17:35:09.272+05:30  INFO 2040 --- [           main] com.zaxxer.hikari.HikariDataSource       : HikariPool-2 - Start completed.
2025-03-15T17:35:09.285+05:30  INFO 2040 --- [           main] o.quartz.impl.jdbcjobstore.JobStoreTX    : ClusterManager: detected 1 failed or restarted instances.
2025-03-15T17:35:09.285+05:30  INFO 2040 --- [           main] o.quartz.impl.jdbcjobstore.JobStoreTX    : ClusterManager: Scanning for instance "NON_CLUSTERED"'s failed in-progress jobs.
2025-03-15T17:35:09.291+05:30  INFO 2040 --- [           main] org.quartz.core.QuartzScheduler          : Scheduler quartzScheduler_$_NON_CLUSTERED started.
2025-03-15T17:35:09.297+05:30  INFO 2040 --- [           main] c.w.AimcabWebsiteApplicationTests        : Started AimcabWebsiteApplicationTests in 5.001 seconds (process running for 5.829)
]]></system-out>
  </testcase>
</testsuite>